2025-06-30 10:20:42 INFO  TC9_Requirement_Client_Page:121 - Logging in with user: aniket@fleekitsolutions.com
2025-06-30 10:36:29 INFO  TC_33_Verified_partnet_applicant_Comment_Test:121 - Logging in with user: aniket@fleekitsolutions.com
2025-06-30 10:38:34 INFO  TC_57_PasswordVerified_Test:121 - Logging in with user: aniket@fleekitsolutions.com
2025-06-30 10:43:32 INFO  TC_57_PasswordVerified_Test:121 - Logging in with user: aniket@fleekitsolutions.com
2025-06-30 10:45:23 INFO  TC1_ClientMobVerifiedTest:121 - Logging in with user: aniket@fleekitsolutions.com
2025-06-30 10:45:23 INFO  TC1_ClientMobVerifiedTest:18 - ******Start*************
2025-06-30 10:45:41 INFO  TC1_ClientMobVerifiedTest:22 - ********End test case tc1
2025-06-30 10:47:33 INFO  TC2_ProfileUpdateTest:121 - Logging in with user: aniket@fleekitsolutions.com
2025-06-30 10:48:24 INFO  TC27_PartnerUnderreviewTest:121 - Logging in with user: aniket@fleekitsolutions.com
2025-06-30 10:49:08 INFO  TC3_RequirementUpdateTest:121 - Logging in with user: aniket@fleekitsolutions.com
2025-06-30 10:49:48 INFO  TC9_Requirement_Client_Page:121 - Logging in with user: aniket@fleekitsolutions.com
2025-06-30 11:48:56 INFO  TC9_Requirement_Client_Page:126 - Logging in with user: aniket@fleekitsolutions.com
2025-06-30 11:49:27 INFO  TC3_RequirementUpdateTest:126 - Logging in with user: aniket@fleekitsolutions.com
2025-06-30 11:49:41 INFO  TC27_PartnerUnderreviewTest:126 - Logging in with user: aniket@fleekitsolutions.com
2025-06-30 11:49:53 INFO  TC2_ProfileUpdateTest:126 - Logging in with user: aniket@fleekitsolutions.com
2025-06-30 11:50:08 INFO  TC1_ClientMobVerifiedTest:126 - Logging in with user: aniket@fleekitsolutions.com
2025-06-30 11:50:09 INFO  TC1_ClientMobVerifiedTest:18 - ******Start*************
2025-06-30 11:50:26 INFO  TC1_ClientMobVerifiedTest:22 - ********End test case tc1
2025-06-30 11:50:28 INFO  TC_57_PasswordVerified_Test:126 - Logging in with user: aniket@fleekitsolutions.com
2025-06-30 11:50:33 INFO  TC_33_Verified_partnet_applicant_Comment_Test:126 - Logging in with user: aniket@fleekitsolutions.com
2025-06-30 11:50:43 INFO  TC_30_No_Applicant_Test:126 - Logging in with user: aniket@fleekitsolutions.com
